[2026-04-24 18:16:03] Actualizando tarea 180 con idTicket: 40007
[2026-04-24 18:16:03] Resultado de SP tareaReparacionActualizarTicketAsignado: Array
(
    [0] => stdClass Object
        (
            [estado] => 1
            [mensaje] => La tarea fue actualizada correctamente
        )

)

[2026-04-24 18:16:03] Resultado de SP tareaReparacionActualizarTicketAsignado - estado: 1 - mensaje: La tarea fue actualizada correctamente
[2026-04-24 18:16:03] Confirmando transacción
[2026-04-24 18:16:04] Cama: 106 - Estado actual: 1
[2026-04-24 18:16:04] Cama: 106 - CEA: 0 - TBH: 0 - TBC: 1 - Limpia: 1
[2026-04-24 18:16:04] Cama: 106 - Nuevo Estado: 3
[2026-04-24 18:16:04] Cama: 106 - Cama Física - cambiar estado en Markey a: 3
[2026-04-24 18:16:04] Cama: 106 - registrar cambio de estado en bitácora. Evento: 10, DNI: 20764733, Usuario: RODRIGUEZ, JORGE LUIS
[2026-04-24 18:16:04] Sincronizar tablas locales: idHabitacion = 99
[2026-04-24 18:16:05] Sincronizar finalizada tablas locales: idHabitacion = 99
[2026-04-24 18:16:05] Función camasActualizarEstados ejecutada correctamente: idCama: 106 - idHabitacion: 99 - dni: 20764733 - nombreUsuario: RODRIGUEZ, JORGE LUIS - idServicio: 3
[2026-04-24 18:17:33] ------------------------------
[2026-04-24 18:17:33] tareaIniciarFinalizarCancelar - idTarea: 180 - idUsuario: 1 - idServicio: 3 - accion: cancelar
[2026-04-24 18:17:33] Resultado de SP tarea_iniciarFinalizarCancelar - estado: 1 - mensaje: La tarea fue cancelada correctamente. - idTicket: 40007 - idTipoTarea: 2 - idCama: 106
[2026-04-24 18:17:33] Confirmando transacción
[2026-04-24 18:17:33] Cama: 106 - Estado actual: 3
[2026-04-24 18:17:33] Cama: 106 - CEA: 0 - TBH: 0 - TBC: 0 - Limpia: 1
[2026-04-24 18:17:33] Cama: 106 - Nuevo Estado: 1
[2026-04-24 18:17:33] Cama: 106 - Cama Física - cambiar estado en Markey a: 1
[2026-04-24 18:17:33] Cama: 106 - limpiar alertas históricas y crear alerta de cama disponible
[2026-04-24 18:17:33] Cama: 106 - registrar cambio de estado en bitácora. Evento: 10, DNI: 20764733, Usuario: RODRIGUEZ, JORGE LUIS
[2026-04-24 18:17:33] Sincronizar tablas locales: idHabitacion = 99
[2026-04-24 18:17:34] Sincronizar finalizada tablas locales: idHabitacion = 99
[2026-04-24 18:17:34] Función camasActualizarEstados ejecutada correctamente: idCama: 106 - idHabitacion: 99 - dni: 20764733 - nombreUsuario: RODRIGUEZ, JORGE LUIS - idServicio: 3
[2026-04-24 18:23:24] Actualizando tarea 181 con idTicket: 40008
[2026-04-24 18:23:24] Resultado de SP tareaReparacionActualizarTicketAsignado: Array
(
    [0] => stdClass Object
        (
            [estado] => 1
            [mensaje] => La tarea fue actualizada correctamente
        )

)

[2026-04-24 18:23:24] Resultado de SP tareaReparacionActualizarTicketAsignado - estado: 1 - mensaje: La tarea fue actualizada correctamente
[2026-04-24 18:23:24] Confirmando transacción
[2026-04-24 18:23:25] Cama: 106 - Estado actual: 1
[2026-04-24 18:23:25] Cama: 106 - CEA: 0 - TBH: 0 - TBC: 1 - Limpia: 1
[2026-04-24 18:23:25] Cama: 106 - Nuevo Estado: 3
[2026-04-24 18:23:25] Cama: 106 - Cama Física - cambiar estado en Markey a: 3
[2026-04-24 18:23:25] Cama: 106 - registrar cambio de estado en bitácora. Evento: 10, DNI: 20764733, Usuario: RODRIGUEZ, JORGE LUIS
[2026-04-24 18:23:25] Sincronizar tablas locales: idHabitacion = 99
[2026-04-24 18:23:25] Sincronizar finalizada tablas locales: idHabitacion = 99
[2026-04-24 18:23:25] Función camasActualizarEstados ejecutada correctamente: idCama: 106 - idHabitacion: 99 - dni: 20764733 - nombreUsuario: RODRIGUEZ, JORGE LUIS - idServicio: 3
[2026-04-24 18:41:36] Actualizando tarea 182 con idTicket: 40009
[2026-04-24 18:41:36] Resultado de SP tareaReparacionActualizarTicketAsignado: Array
(
    [0] => stdClass Object
        (
            [estado] => 1
            [mensaje] => La tarea fue actualizada correctamente
        )

)

[2026-04-24 18:41:36] Resultado de SP tareaReparacionActualizarTicketAsignado - estado: 1 - mensaje: La tarea fue actualizada correctamente
[2026-04-24 18:41:36] Confirmando transacción
[2026-04-24 18:41:37] Cama: 106 - Estado actual: 1
[2026-04-24 18:41:37] Cama: 106 - CEA: 0 - TBH: 0 - TBC: 1 - Limpia: 1
[2026-04-24 18:41:37] Cama: 106 - Nuevo Estado: 3
[2026-04-24 18:41:37] Cama: 106 - Cama Física - cambiar estado en Markey a: 3
[2026-04-24 18:41:37] Cama: 106 - registrar cambio de estado en bitácora. Evento: 10, DNI: 20764733, Usuario: RODRIGUEZ, JORGE LUIS
[2026-04-24 18:41:37] Sincronizar tablas locales: idHabitacion = 99
[2026-04-24 18:41:38] Sincronizar finalizada tablas locales: idHabitacion = 99
[2026-04-24 18:41:38] Función camasActualizarEstados ejecutada correctamente: idCama: 106 - idHabitacion: 99 - dni: 20764733 - nombreUsuario: RODRIGUEZ, JORGE LUIS - idServicio: 3
[2026-04-24 18:42:29] ------------------------------
[2026-04-24 18:42:29] tareaIniciarFinalizarCancelar - idTarea: 182 - idUsuario: 1 - idServicio: 3 - accion: cancelar
[2026-04-24 18:42:29] Resultado de SP tarea_iniciarFinalizarCancelar - estado: 1 - mensaje: La tarea fue cancelada correctamente. - idTicket: 40009 - idTipoTarea: 2 - idCama: 106
[2026-04-24 18:42:29] Confirmando transacción
[2026-04-24 18:42:29] Cama: 106 - Estado actual: 3
[2026-04-24 18:42:29] Cama: 106 - CEA: 0 - TBH: 0 - TBC: 0 - Limpia: 1
[2026-04-24 18:42:29] Cama: 106 - Nuevo Estado: 1
[2026-04-24 18:42:29] Cama: 106 - Cama Física - cambiar estado en Markey a: 1
[2026-04-24 18:42:29] Cama: 106 - limpiar alertas históricas y crear alerta de cama disponible
[2026-04-24 18:42:29] Cama: 106 - registrar cambio de estado en bitácora. Evento: 10, DNI: 20764733, Usuario: RODRIGUEZ, JORGE LUIS
[2026-04-24 18:42:29] Sincronizar tablas locales: idHabitacion = 99
[2026-04-24 18:42:30] Sincronizar finalizada tablas locales: idHabitacion = 99
[2026-04-24 18:42:30] Función camasActualizarEstados ejecutada correctamente: idCama: 106 - idHabitacion: 99 - dni: 20764733 - nombreUsuario: RODRIGUEZ, JORGE LUIS - idServicio: 3
